This file contains any messages produced by compilers while
running configure, to aid debugging if configure makes a mistake.

It was created by my-hadrons-app configure 0.1, which was
generated by GNU Autoconf 2.69.  Invocation command line was

  $ ../configure CXX=clang --with-grid=/home/chrisculver/Code/LatticeQCD/Grid/install --with-hadrons=/home/chrisculver/Code/LatticeQCD/Hadrons/install

## --------- ##
## Platform. ##
## --------- ##

hostname = jaffa
uname -m = x86_64
uname -r = 5.8.0-50-generic
uname -s = Linux
uname -v = #56~20.04.1-Ubuntu SMP Mon Apr 12 21:46:35 UTC 2021

/usr/bin/uname -p = x86_64
/bin/uname -X     = unknown

/bin/arch              = x86_64
/usr/bin/arch -k       = unknown
/usr/convex/getsysinfo = unknown
/usr/bin/hostinfo      = unknown
/bin/machine           = unknown
/usr/bin/oslevel       = unknown
/bin/universe          = unknown

PATH: /home/chrisculver/miniconda3/envs/LQCD/bin
PATH: /home/chrisculver/miniconda3/condabin
PATH: /home/chrisculver/.cargo/bin
PATH: /usr/local/sbin
PATH: /usr/local/bin
PATH: /usr/sbin
PATH: /usr/bin
PATH: /sbin
PATH: /bin
PATH: /usr/games
PATH: /usr/local/games
PATH: /snap/bin


## ----------- ##
## Core tests. ##
## ----------- ##

configure:1955: checking build system type
configure:1969: result: x86_64-pc-linux-gnu
configure:1989: checking host system type
configure:2002: result: x86_64-pc-linux-gnu
configure:2022: checking target system type
configure:2035: result: x86_64-pc-linux-gnu
configure:2081: checking for a BSD-compatible install
configure:2149: result: /usr/bin/install -c
configure:2160: checking whether build environment is sane
configure:2215: result: yes
configure:2364: checking for a thread-safe mkdir -p
configure:2403: result: /usr/bin/mkdir -p
configure:2410: checking for gawk
configure:2426: found /usr/bin/gawk
configure:2437: result: gawk
configure:2448: checking whether make sets $(MAKE)
configure:2470: result: yes
configure:2499: checking whether make supports nested variables
configure:2516: result: yes
configure:2653: checking whether make supports nested variables
configure:2670: result: yes
configure:2795: checking for C++ compiler version
configure:2804: clang --version >&5
clang version 10.0.0-4ubuntu1 
Target: x86_64-pc-linux-gnu
Thread model: posix
InstalledDir: /usr/bin
configure:2815: $? = 0
configure:2804: clang -v >&5
clang version 10.0.0-4ubuntu1 
Target: x86_64-pc-linux-gnu
Thread model: posix
InstalledDir: /usr/bin
Found candidate GCC installation: /usr/bin/../lib/gcc/x86_64-linux-gnu/9
Found candidate GCC installation: /usr/lib/gcc/x86_64-linux-gnu/9
Selected GCC installation: /usr/bin/../lib/gcc/x86_64-linux-gnu/9
Candidate multilib: .;@m64
Selected multilib: .;@m64
configure:2815: $? = 0
configure:2804: clang -V >&5
clang: error: argument to '-V' is missing (expected 1 value)
clang: error: no input files
configure:2815: $? = 1
configure:2804: clang -qversion >&5
clang: error: unknown argument '-qversion'; did you mean '--version'?
clang: error: no input files
configure:2815: $? = 1
configure:2835: checking whether the C++ compiler works
configure:2857: clang    conftest.cpp  >&5
configure:2861: $? = 0
configure:2909: result: yes
configure:2912: checking for C++ compiler default output file name
configure:2914: result: a.out
configure:2920: checking for suffix of executables
configure:2927: clang -o conftest    conftest.cpp  >&5
configure:2931: $? = 0
configure:2953: result: 
configure:2975: checking whether we are cross compiling
configure:2983: clang -o conftest    conftest.cpp  >&5
configure:2987: $? = 0
configure:2994: ./conftest
configure:2998: $? = 0
configure:2986: result: no
configure:2991: checking for suffix of object files
configure:3013: clang -c   conftest.cpp >&5
configure:3017: $? = 0
configure:3038: result: o
configure:3042: checking whether we are using the GNU C++ compiler
configure:3061: clang -c   conftest.cpp >&5
configure:3061: $? = 0
configure:3070: result: yes
configure:3079: checking whether clang accepts -g
configure:3099: clang -c -g  conftest.cpp >&5
configure:3099: $? = 0
configure:3140: result: yes
configure:3166: checking whether make supports the include directive
configure:3181: make -f confmf.GNU && cat confinc.out
this is the am__doit target
configure:3184: $? = 0
configure:3203: result: yes (GNU style)
configure:3228: checking dependency style of clang
configure:3339: result: gcc3
configure:3402: checking for gcc
configure:3418: found /usr/bin/gcc
configure:3429: result: gcc
configure:3658: checking for C compiler version
configure:3667: gcc --version >&5
gcc (Ubuntu 9.3.0-17ubuntu1~20.04) 9.3.0
Copyright (C) 2019 Free Software Foundation, Inc.
This is free software; see the source for copying conditions.  There is NO
warranty; not even for MERCHANTABILITY or FITNESS FOR A PARTICULAR PURPOSE.

configure:3678: $? = 0
configure:3667: gcc -v >&5
Using built-in specs.
COLLECT_GCC=gcc
COLLECT_LTO_WRAPPER=/usr/lib/gcc/x86_64-linux-gnu/9/lto-wrapper
OFFLOAD_TARGET_NAMES=nvptx-none:hsa
OFFLOAD_TARGET_DEFAULT=1
Target: x86_64-linux-gnu
Configured with: ../src/configure -v --with-pkgversion='Ubuntu 9.3.0-17ubuntu1~20.04' --with-bugurl=file:///usr/share/doc/gcc-9/README.Bugs --enable-languages=c,ada,c++,go,brig,d,fortran,objc,obj-c++,gm2 --prefix=/usr --with-gcc-major-version-only --program-suffix=-9 --program-prefix=x86_64-linux-gnu- --enable-shared --enable-linker-build-id --libexecdir=/usr/lib --without-included-gettext --enable-threads=posix --libdir=/usr/lib --enable-nls --enable-clocale=gnu --enable-libstdcxx-debug --enable-libstdcxx-time=yes --with-default-libstdcxx-abi=new --enable-gnu-unique-object --disable-vtable-verify --enable-plugin --enable-default-pie --with-system-zlib --with-target-system-zlib=auto --enable-objc-gc=auto --enable-multiarch --disable-werror --with-arch-32=i686 --with-abi=m64 --with-multilib-list=m32,m64,mx32 --enable-multilib --with-tune=generic --enable-offload-targets=nvptx-none=/build/gcc-9-HskZEa/gcc-9-9.3.0/debian/tmp-nvptx/usr,hsa --without-cuda-driver --enable-checking=release --build=x86_64-linux-gnu --host=x86_64-linux-gnu --target=x86_64-linux-gnu
Thread model: posix
gcc version 9.3.0 (Ubuntu 9.3.0-17ubuntu1~20.04) 
configure:3678: $? = 0
configure:3667: gcc -V >&5
gcc: error: unrecognized command line option '-V'
gcc: fatal error: no input files
compilation terminated.
configure:3678: $? = 1
configure:3667: gcc -qversion >&5
gcc: error: unrecognized command line option '-qversion'; did you mean '--version'?
gcc: fatal error: no input files
compilation terminated.
configure:3678: $? = 1
configure:3682: checking whether we are using the GNU C compiler
configure:3701: gcc -c   conftest.c >&5
configure:3701: $? = 0
configure:3710: result: yes
configure:3719: checking whether gcc accepts -g
configure:3739: gcc -c -g  conftest.c >&5
configure:3739: $? = 0
configure:3780: result: yes
configure:3797: checking for gcc option to accept ISO C89
configure:3860: gcc  -c -g -O2  conftest.c >&5
configure:3860: $? = 0
configure:3873: result: none needed
configure:3898: checking whether gcc understands -c and -o together
configure:3920: gcc -c conftest.c -o conftest2.o
configure:3923: $? = 0
configure:3920: gcc -c conftest.c -o conftest2.o
configure:3923: $? = 0
configure:3935: result: yes
configure:3954: checking dependency style of gcc
configure:4065: result: gcc3
configure:4123: checking for ranlib
configure:4139: found /usr/bin/ranlib
configure:4150: result: ranlib
configure:4222: checking for ar
configure:4238: found /usr/bin/ar
configure:4249: result: ar
configure:4275: checking the archiver (ar) interface
configure:4291: gcc -c -g -O2  conftest.c >&5
configure:4291: $? = 0
configure:4293: ar cru libconftest.a conftest.o >&5
ar: `u' modifier ignored since `D' is the default (see `U')
configure:4296: $? = 0
configure:4295: result: ar
configure:4332: checking for hadrons-config
configure:4348: found /home/chrisculver/Code/LatticeQCD/Hadrons/install/bin/hadrons-config
configure:4359: result: yes
configure:4384: checking that a minimal Grid/Hadrons program compiles
configure:4408: clang -o conftest  -g -O2 -I/home/chrisculver/Code/LatticeQCD/Hadrons/install/include -I/home/chrisculver/Code/LatticeQCD/Grid/install/include -I/home/chrisculver/Code/LatticeQCD/Grid/install/include -I/home/chrisculver/Code/Libraries/hdf5/install/include -I/home/chrisculver/Code/LatticeQCD/c-lime/install/include -fopenmp -O3 -fno-strict-aliasing    -L/home/chrisculver/Code/LatticeQCD/Hadrons/install/lib -L/home/chrisculver/Code/LatticeQCD/Grid/install/lib -L/home/chrisculver/Code/LatticeQCD/Grid/install/lib -L/home/chrisculver/Code/Libraries/hdf5/install/lib -L/home/chrisculver/Code/LatticeQCD/c-lime/install/lib -fopenmp conftest.cpp  -lHadrons  -ldl -lGrid -lhdf5_cpp -lz -lcrypto -llime -lstdc++ -lm -lz -lhdf5 >&5
configure:4408: $? = 0
configure:4409: result: yes
configure:4524: checking that generated files are newer than configure
configure:4530: result: done
configure:4557: creating ./config.status

## ---------------------- ##
## Running config.status. ##
## ---------------------- ##

This file was extended by my-hadrons-app config.status 0.1, which was
generated by GNU Autoconf 2.69.  Invocation command line was

  CONFIG_FILES    = 
  CONFIG_HEADERS  = 
  CONFIG_LINKS    = 
  CONFIG_COMMANDS = 
  $ ./config.status 

on jaffa

config.status:863: creating Makefile
config.status:863: creating config.h
config.status:1077: executing depfiles commands
config.status:1154: cd .       && sed -e '/# am--include-marker/d' Makefile         | make -f - am--depfiles
make: Nothing to be done for 'am--depfiles'.
config.status:1159: $? = 0

## ---------------- ##
## Cache variables. ##
## ---------------- ##

ac_cv_build=x86_64-pc-linux-gnu
ac_cv_c_compiler_gnu=yes
ac_cv_cxx_compiler_gnu=yes
ac_cv_env_CCC_set=
ac_cv_env_CCC_value=
ac_cv_env_CC_set=
ac_cv_env_CC_value=
ac_cv_env_CFLAGS_set=
ac_cv_env_CFLAGS_value=
ac_cv_env_CPPFLAGS_set=
ac_cv_env_CPPFLAGS_value=
ac_cv_env_CXXFLAGS_set=
ac_cv_env_CXXFLAGS_value=
ac_cv_env_CXX_set=set
ac_cv_env_CXX_value=clang
ac_cv_env_LDFLAGS_set=
ac_cv_env_LDFLAGS_value=
ac_cv_env_LIBS_set=
ac_cv_env_LIBS_value=
ac_cv_env_build_alias_set=
ac_cv_env_build_alias_value=
ac_cv_env_host_alias_set=
ac_cv_env_host_alias_value=
ac_cv_env_target_alias_set=
ac_cv_env_target_alias_value=
ac_cv_host=x86_64-pc-linux-gnu
ac_cv_objext=o
ac_cv_path_install='/usr/bin/install -c'
ac_cv_path_mkdir=/usr/bin/mkdir
ac_cv_prog_AWK=gawk
ac_cv_prog_HADCONF=yes
ac_cv_prog_ac_ct_AR=ar
ac_cv_prog_ac_ct_CC=gcc
ac_cv_prog_ac_ct_RANLIB=ranlib
ac_cv_prog_cc_c89=
ac_cv_prog_cc_g=yes
ac_cv_prog_cxx_g=yes
ac_cv_prog_make_make_set=yes
ac_cv_target=x86_64-pc-linux-gnu
am_cv_CC_dependencies_compiler_type=gcc3
am_cv_CXX_dependencies_compiler_type=gcc3
am_cv_ar_interface=ar
am_cv_make_support_nested_variables=yes
am_cv_prog_cc_c_o=yes

## ----------------- ##
## Output variables. ##
## ----------------- ##

ACLOCAL='${SHELL} /home/chrisculver/Code/LatticeQCD/Pipi_Hadrons/missing aclocal-1.16'
AMDEPBACKSLASH='\'
AMDEP_FALSE='#'
AMDEP_TRUE=''
AMTAR='$${TAR-tar}'
AM_BACKSLASH='\'
AM_CXXFLAGS=''
AM_DEFAULT_V='$(AM_DEFAULT_VERBOSITY)'
AM_DEFAULT_VERBOSITY='0'
AM_LDFLAGS=''
AM_V='$(V)'
AR='ar'
AUTOCONF='${SHELL} /home/chrisculver/Code/LatticeQCD/Pipi_Hadrons/missing autoconf'
AUTOHEADER='${SHELL} /home/chrisculver/Code/LatticeQCD/Pipi_Hadrons/missing autoheader'
AUTOMAKE='${SHELL} /home/chrisculver/Code/LatticeQCD/Pipi_Hadrons/missing automake-1.16'
AWK='gawk'
CC='gcc'
CCDEPMODE='depmode=gcc3'
CFLAGS='-g -O2'
CPPFLAGS=''
CXX='clang'
CXXDEPMODE='depmode=gcc3'
CXXFLAGS=' -g -O2 -I/home/chrisculver/Code/LatticeQCD/Hadrons/install/include -I/home/chrisculver/Code/LatticeQCD/Grid/install/include -I/home/chrisculver/Code/LatticeQCD/Grid/install/include -I/home/chrisculver/Code/Libraries/hdf5/install/include -I/home/chrisculver/Code/LatticeQCD/c-lime/install/include -fopenmp -O3 -fno-strict-aliasing'
CYGPATH_W='echo'
DEFS='-DHAVE_CONFIG_H'
DEPDIR='.deps'
ECHO_C=''
ECHO_N='-n'
ECHO_T=''
EXEEXT=''
HADCONF='yes'
INSTALL_DATA='${INSTALL} -m 644'
INSTALL_PROGRAM='${INSTALL}'
INSTALL_SCRIPT='${INSTALL}'
INSTALL_STRIP_PROGRAM='$(install_sh) -c -s'
LDFLAGS='  -L/home/chrisculver/Code/LatticeQCD/Hadrons/install/lib -L/home/chrisculver/Code/LatticeQCD/Grid/install/lib -L/home/chrisculver/Code/LatticeQCD/Grid/install/lib -L/home/chrisculver/Code/Libraries/hdf5/install/lib -L/home/chrisculver/Code/LatticeQCD/c-lime/install/lib -fopenmp'
LIBOBJS=''
LIBS=' -lHadrons  -ldl -lGrid -lhdf5_cpp -lz -lcrypto -llime -lstdc++ -lm -lz -lhdf5'
LTLIBOBJS=''
MAKEINFO='${SHELL} /home/chrisculver/Code/LatticeQCD/Pipi_Hadrons/missing makeinfo'
MKDIR_P='/usr/bin/mkdir -p'
OBJEXT='o'
PACKAGE='my-hadrons-app'
PACKAGE_BUGREPORT='name@domain.suf'
PACKAGE_NAME='my-hadrons-app'
PACKAGE_STRING='my-hadrons-app 0.1'
PACKAGE_TARNAME='my-hadrons-app'
PACKAGE_URL=''
PACKAGE_VERSION='0.1'
PATH_SEPARATOR=':'
RANLIB='ranlib'
SET_MAKE=''
SHELL='/bin/bash'
STRIP=''
VERSION='0.1'
ac_ct_AR='ar'
ac_ct_CC='gcc'
ac_ct_CXX=''
am__EXEEXT_FALSE=''
am__EXEEXT_TRUE='#'
am__fastdepCC_FALSE='#'
am__fastdepCC_TRUE=''
am__fastdepCXX_FALSE='#'
am__fastdepCXX_TRUE=''
am__include='include'
am__isrc=' -I$(srcdir)'
am__leading_dot='.'
am__nodep='_no'
am__quote=''
am__tar='$${TAR-tar} chof - "$$tardir"'
am__untar='$${TAR-tar} xf -'
bindir='${exec_prefix}/bin'
build='x86_64-pc-linux-gnu'
build_alias=''
build_cpu='x86_64'
build_os='linux-gnu'
build_vendor='pc'
datadir='${datarootdir}'
datarootdir='${prefix}/share'
docdir='${datarootdir}/doc/${PACKAGE_TARNAME}'
dvidir='${docdir}'
exec_prefix='${prefix}'
host='x86_64-pc-linux-gnu'
host_alias=''
host_cpu='x86_64'
host_os='linux-gnu'
host_vendor='pc'
htmldir='${docdir}'
includedir='${prefix}/include'
infodir='${datarootdir}/info'
install_sh='${SHELL} /home/chrisculver/Code/LatticeQCD/Pipi_Hadrons/install-sh'
libdir='${exec_prefix}/lib'
libexecdir='${exec_prefix}/libexec'
localedir='${datarootdir}/locale'
localstatedir='${prefix}/var'
mandir='${datarootdir}/man'
mkdir_p='$(MKDIR_P)'
oldincludedir='/usr/include'
pdfdir='${docdir}'
prefix='/usr/local'
program_transform_name='s,x,x,'
psdir='${docdir}'
runstatedir='${localstatedir}/run'
sbindir='${exec_prefix}/sbin'
sharedstatedir='${prefix}/com'
sysconfdir='${prefix}/etc'
target='x86_64-pc-linux-gnu'
target_alias=''
target_cpu='x86_64'
target_os='linux-gnu'
target_vendor='pc'

## ----------- ##
## confdefs.h. ##
## ----------- ##

/* confdefs.h */
#define PACKAGE_NAME "my-hadrons-app"
#define PACKAGE_TARNAME "my-hadrons-app"
#define PACKAGE_VERSION "0.1"
#define PACKAGE_STRING "my-hadrons-app 0.1"
#define PACKAGE_BUGREPORT "name@domain.suf"
#define PACKAGE_URL ""
#define PACKAGE "my-hadrons-app"
#define VERSION "0.1"

configure: exit 0

## ---------------------- ##
## Running config.status. ##
## ---------------------- ##

This file was extended by my-hadrons-app config.status 0.1, which was
generated by GNU Autoconf 2.69.  Invocation command line was

  CONFIG_FILES    = 
  CONFIG_HEADERS  = 
  CONFIG_LINKS    = 
  CONFIG_COMMANDS = 
  $ ./config.status config.h

on jaffa

config.status:863: creating config.h
config.status:1029: config.h is unchanged

## ---------------------- ##
## Running config.status. ##
## ---------------------- ##

This file was extended by my-hadrons-app config.status 0.1, which was
generated by GNU Autoconf 2.69.  Invocation command line was

  CONFIG_FILES    = 
  CONFIG_HEADERS  = 
  CONFIG_LINKS    = 
  CONFIG_COMMANDS = 
  $ ./config.status config.h

on jaffa

config.status:863: creating config.h
config.status:1029: config.h is unchanged
